<?xml version="1.0" encoding="UTF-8" ?>
<testsuite tests="1" failures="1" name="konix_assignment.TestTransactionEndPoint" time="3.341" errors="0" skipped="0">
  <properties>
[...]
</properties>
  <testcase classname="konix_assignment.TestTransactionEndPoint" name="testTransactionPOSTRoute" time="3.341">
    <failure message="1 expectation failed.
Expected status code &lt;200&gt; but was &lt;500&gt;.
" type="java.lang.AssertionError">java.lang.AssertionError: 1 expectation failed.
Expected status code &lt;200&gt; but was &lt;500&gt;.
	at java.base/jdk.internal.reflect.DirectConstructorHandleAccessor.newInstance(DirectConstructorHandleAccessor.java:67)
	at java.base/java.lang.reflect.Constructor.newInstanceWithCaller(Constructor.java:500)
	at java.base/java.lang.reflect.Constructor.newInstance(Constructor.java:484)
	at org.codehaus.groovy.reflection.CachedConstructor.invoke(CachedConstructor.java:73)
	at org.codehaus.groovy.runtime.callsite.ConstructorSite$ConstructorSiteNoUnwrapNoCoerce.callConstructor(ConstructorSite.java:108)
	at org.codehaus.groovy.runtime.callsite.CallSiteArray.defaultCallConstructor(CallSiteArray.java:57)
	at org.codehaus.groovy.runtime.callsite.AbstractCallSite.callConstructor(AbstractCallSite.java:263)
	at org.codehaus.groovy.runtime.callsite.AbstractCallSite.callConstructor(AbstractCallSite.java:277)
	at io.restassured.internal.ResponseSpecificationImpl$HamcrestAssertionClosure.validate(ResponseSpecificationImpl.groovy:512)
	at io.restassured.internal.ResponseSpecificationImpl$HamcrestAssertionClosure$validate$1.call(Unknown Source)
	at org.codehaus.groovy.runtime.callsite.CallSiteArray.defaultCall(CallSiteArray.java:45)
	at org.codehaus.groovy.runtime.callsite.AbstractCallSite.call(AbstractCallSite.java:125)
	at org.codehaus.groovy.runtime.callsite.AbstractCallSite.call(AbstractCallSite.java:139)
	at io.restassured.internal.ResponseSpecificationImpl.validateResponseIfRequired(ResponseSpecificationImpl.groovy:696)
	at io.restassured.internal.ResponseSpecificationImpl.this$2$validateResponseIfRequired(ResponseSpecificationImpl.groovy)
	at java.base/jdk.internal.reflect.DirectMethodHandleAccessor.invoke(DirectMethodHandleAccessor.java:104)
	at java.base/java.lang.reflect.Method.invoke(Method.java:578)
	at org.codehaus.groovy.runtime.callsite.PlainObjectMetaMethodSite.doInvoke(PlainObjectMetaMethodSite.java:43)
	at org.codehaus.groovy.runtime.callsite.PogoMetaMethodSite$PogoCachedMethodSiteNoUnwrapNoCoerce.invoke(PogoMetaMethodSite.java:198)
	at org.codehaus.groovy.runtime.callsite.PogoMetaMethodSite.callCurrent(PogoMetaMethodSite.java:62)
	at org.codehaus.groovy.runtime.callsite.CallSiteArray.defaultCallCurrent(CallSiteArray.java:49)
	at org.codehaus.groovy.runtime.callsite.AbstractCallSite.callCurrent(AbstractCallSite.java:171)
	at org.codehaus.groovy.runtime.callsite.AbstractCallSite.callCurrent(AbstractCallSite.java:185)
	at io.restassured.internal.ResponseSpecificationImpl.statusCode(ResponseSpecificationImpl.groovy:135)
	at io.restassured.specification.ResponseSpecification$statusCode$0.callCurrent(Unknown Source)
	at org.codehaus.groovy.runtime.callsite.CallSiteArray.defaultCallCurrent(CallSiteArray.java:49)
	at org.codehaus.groovy.runtime.callsite.AbstractCallSite.callCurrent(AbstractCallSite.java:171)
	at org.codehaus.groovy.runtime.callsite.AbstractCallSite.callCurrent(AbstractCallSite.java:185)
	at io.restassured.internal.ResponseSpecificationImpl.statusCode(ResponseSpecificationImpl.groovy:143)
	at io.restassured.internal.ValidatableResponseOptionsImpl.statusCode(ValidatableResponseOptionsImpl.java:89)
	at konix_assignment.TestTransactionEndPoint.testTransactionPOSTRoute(TestTransactionEndPoint.java:51)
</failure>
    <system-out>Configuring TestNG with: org.apache.maven.surefire.testng.conf.TestNG652Configurator@270421f5
2023-02-05 14:36:19 INFO &lt;&gt;&lt;&gt;&lt;&gt;&lt;&gt;API DETAILS&lt;&gt;&lt;&gt;&lt;&gt;&lt;&gt;
2023-02-05 14:36:19 INFO baseURI: https://x8ki-letl-twmt.n7.xano.io/api:gHPd8le5/transaction
2023-02-05 14:36:19 INFO request: {&quot;coin1Amount&quot;:279,&quot;coin2&quot;:USDT,&quot;coin1&quot;:INR,&quot;coin2Amount&quot;:695}
2023-02-05 14:36:21 DEBUG Get connection for route {s}-&gt;https://x8ki-letl-twmt.n7.xano.io:443
2023-02-05 14:36:21 DEBUG Connecting to x8ki-letl-twmt.n7.xano.io:443
2023-02-05 14:36:21 DEBUG CookieSpec selected: ignoreCookies
2023-02-05 14:36:21 DEBUG Auth cache not set in the context
2023-02-05 14:36:21 DEBUG Target auth state: UNCHALLENGED
2023-02-05 14:36:21 DEBUG Proxy auth state: UNCHALLENGED
2023-02-05 14:36:21 DEBUG Attempt 1 to execute request
2023-02-05 14:36:21 DEBUG Sending request: POST /api:gHPd8le5/transaction HTTP/1.1
2023-02-05 14:36:21 DEBUG  &gt;&gt; &quot;POST /api:gHPd8le5/transaction HTTP/1.1[\r][\n]&quot;
2023-02-05 14:36:21 DEBUG  &gt;&gt; &quot;Accept: application/json, application/javascript, text/javascript, text/json[\r][\n]&quot;
2023-02-05 14:36:21 DEBUG  &gt;&gt; &quot;Content-Type: application/json[\r][\n]&quot;
2023-02-05 14:36:21 DEBUG  &gt;&gt; &quot;Content-Length: 62[\r][\n]&quot;
2023-02-05 14:36:21 DEBUG  &gt;&gt; &quot;Host: x8ki-letl-twmt.n7.xano.io[\r][\n]&quot;
2023-02-05 14:36:21 DEBUG  &gt;&gt; &quot;Connection: Keep-Alive[\r][\n]&quot;
2023-02-05 14:36:21 DEBUG  &gt;&gt; &quot;User-Agent: Apache-HttpClient/4.5.13 (Java/19.0.2)[\r][\n]&quot;
2023-02-05 14:36:21 DEBUG  &gt;&gt; &quot;Accept-Encoding: gzip,deflate[\r][\n]&quot;
2023-02-05 14:36:21 DEBUG  &gt;&gt; &quot;[\r][\n]&quot;
2023-02-05 14:36:21 DEBUG &gt;&gt; POST /api:gHPd8le5/transaction HTTP/1.1
2023-02-05 14:36:21 DEBUG &gt;&gt; Accept: application/json, application/javascript, text/javascript, text/json
2023-02-05 14:36:21 DEBUG &gt;&gt; Content-Type: application/json
2023-02-05 14:36:21 DEBUG &gt;&gt; Content-Length: 62
2023-02-05 14:36:21 DEBUG &gt;&gt; Host: x8ki-letl-twmt.n7.xano.io
2023-02-05 14:36:21 DEBUG &gt;&gt; Connection: Keep-Alive
2023-02-05 14:36:21 DEBUG &gt;&gt; User-Agent: Apache-HttpClient/4.5.13 (Java/19.0.2)
2023-02-05 14:36:21 DEBUG &gt;&gt; Accept-Encoding: gzip,deflate
2023-02-05 14:36:21 DEBUG  &gt;&gt; &quot;{&quot;coin1Amount&quot;:279,&quot;coin2&quot;:USDT,&quot;coin1&quot;:INR,&quot;coin2Amount&quot;:695}&quot;
2023-02-05 14:36:22 DEBUG  &lt;&lt; &quot;HTTP/1.1 500 Internal Server Error[\r][\n]&quot;
2023-02-05 14:36:22 DEBUG  &lt;&lt; &quot;Date: Sun, 05 Feb 2023 09:06:22 GMT[\r][\n]&quot;
2023-02-05 14:36:22 DEBUG  &lt;&lt; &quot;Content-Type: application/json; charset=UTF-8[\r][\n]&quot;
2023-02-05 14:36:22 DEBUG  &lt;&lt; &quot;Transfer-Encoding: chunked[\r][\n]&quot;
2023-02-05 14:36:22 DEBUG  &lt;&lt; &quot;Connection: keep-alive[\r][\n]&quot;
2023-02-05 14:36:22 DEBUG  &lt;&lt; &quot;Set-Cookie: XNS=69f9a52a7c75f704dd5c16a8facf18c1|a0d48ac8832118bb024e4ec89ef69405; Path=/socket/; Secure; HttpOnly; SameSite=Strict[\r][\n]&quot;
2023-02-05 14:36:22 DEBUG  &lt;&lt; &quot;Accept-Ranges: none[\r][\n]&quot;
2023-02-05 14:36:22 DEBUG  &lt;&lt; &quot;X-XSS-Protection: 1; mode=block[\r][\n]&quot;
2023-02-05 14:36:22 DEBUG  &lt;&lt; &quot;Cache-Control: private, no-cache, no-store, must-revalidate[\r][\n]&quot;
2023-02-05 14:36:22 DEBUG  &lt;&lt; &quot;Pragma: no-cache[\r][\n]&quot;
2023-02-05 14:36:22 DEBUG  &lt;&lt; &quot;Expires: Thu, 07 Feb 2013 09:06:22 GMT[\r][\n]&quot;
2023-02-05 14:36:22 DEBUG  &lt;&lt; &quot;X-Content-Type-Options: nosniff[\r][\n]&quot;
2023-02-05 14:36:22 DEBUG  &lt;&lt; &quot;X-Frame-Options: deny[\r][\n]&quot;
2023-02-05 14:36:22 DEBUG  &lt;&lt; &quot;Access-Control-Allow-Origin: *[\r][\n]&quot;
2023-02-05 14:36:22 DEBUG  &lt;&lt; &quot;Access-Control-Allow-Methods: GET, POST, DELETE, PUT, PATCH, OPTIONS, HEAD[\r][\n]&quot;
2023-02-05 14:36:22 DEBUG  &lt;&lt; &quot;Access-Control-Allow-Headers: *[\r][\n]&quot;
2023-02-05 14:36:22 DEBUG  &lt;&lt; &quot;Access-Control-Allow-Credentials: true[\r][\n]&quot;
2023-02-05 14:36:22 DEBUG  &lt;&lt; &quot;Access-Control-Max-Age: 86400[\r][\n]&quot;
2023-02-05 14:36:22 DEBUG  &lt;&lt; &quot;Strict-Transport-Security: max-age=15724800; includeSubDomains[\r][\n]&quot;
2023-02-05 14:36:22 DEBUG  &lt;&lt; &quot;[\r][\n]&quot;
2023-02-05 14:36:22 DEBUG Receiving response: HTTP/1.1 500 Internal Server Error
2023-02-05 14:36:22 DEBUG &lt;&lt; HTTP/1.1 500 Internal Server Error
2023-02-05 14:36:22 DEBUG &lt;&lt; Date: Sun, 05 Feb 2023 09:06:22 GMT
2023-02-05 14:36:22 DEBUG &lt;&lt; Content-Type: application/json; charset=UTF-8
2023-02-05 14:36:22 DEBUG &lt;&lt; Transfer-Encoding: chunked
2023-02-05 14:36:22 DEBUG &lt;&lt; Connection: keep-alive
2023-02-05 14:36:22 DEBUG &lt;&lt; Set-Cookie: XNS=69f9a52a7c75f704dd5c16a8facf18c1|a0d48ac8832118bb024e4ec89ef69405; Path=/socket/; Secure; HttpOnly; SameSite=Strict
2023-02-05 14:36:22 DEBUG &lt;&lt; Accept-Ranges: none
2023-02-05 14:36:22 DEBUG &lt;&lt; X-XSS-Protection: 1; mode=block
2023-02-05 14:36:22 DEBUG &lt;&lt; Cache-Control: private, no-cache, no-store, must-revalidate
2023-02-05 14:36:22 DEBUG &lt;&lt; Pragma: no-cache
2023-02-05 14:36:22 DEBUG &lt;&lt; Expires: Thu, 07 Feb 2013 09:06:22 GMT
2023-02-05 14:36:22 DEBUG &lt;&lt; X-Content-Type-Options: nosniff
2023-02-05 14:36:22 DEBUG &lt;&lt; X-Frame-Options: deny
2023-02-05 14:36:22 DEBUG &lt;&lt; Access-Control-Allow-Origin: *
2023-02-05 14:36:22 DEBUG &lt;&lt; Access-Control-Allow-Methods: GET, POST, DELETE, PUT, PATCH, OPTIONS, HEAD
2023-02-05 14:36:22 DEBUG &lt;&lt; Access-Control-Allow-Headers: *
2023-02-05 14:36:22 DEBUG &lt;&lt; Access-Control-Allow-Credentials: true
2023-02-05 14:36:22 DEBUG &lt;&lt; Access-Control-Max-Age: 86400
2023-02-05 14:36:22 DEBUG &lt;&lt; Strict-Transport-Security: max-age=15724800; includeSubDomains
2023-02-05 14:36:22 DEBUG Connection can be kept alive indefinitely
2023-02-05 14:36:22 DEBUG Parsing response as: application/json; charset=UTF-8
2023-02-05 14:36:22 DEBUG Parsed data to instance of: class org.apache.http.conn.EofSensorInputStream
</system-out>
    <system-err>SLF4J: Failed to load class &quot;org.slf4j.impl.StaticLoggerBinder&quot;.
SLF4J: Defaulting to no-operation (NOP) logger implementation
SLF4J: See http://www.slf4j.org/codes.html#StaticLoggerBinder for further details.
</system-err>
  </testcase>
</testsuite>